endsim
# VHPI: Simulation Finish.
# VSIM: Simulation has finished.
# endsim
# Simulation not initialized
# addfile -c -vhdl {C:\Users\student_1\Desktop\Soko這wski_praca_dyplomowa\My_design\matlab_cosim\src\polyphase_clock_sync_HDL.vhd}
# Adding file C:\Users\student_1\Desktop\Soko這wski_praca_dyplomowa\My_design\matlab_cosim\src\polyphase_clock_sync_HDL.vhd ... Done
# acom -2008 -dbg {C:\Users\student_1\Desktop\Soko這wski_praca_dyplomowa\My_design\matlab_cosim\src\polyphase_clock_sync_HDL.vhd }
# File: C:/Users/student_1/Desktop/Soko這wski_praca_dyplomowa/My_design/matlab_cosim/src/polyphase_clock_sync_HDL.vhd 
# Compile Entity "polyphase_clock_sync_HDL"
# Compile Architecture "COSIMULATION" of Entity "polyphase_clock_sync_HDL"
# Compile success 0 Errors 0 Warnings  Analysis time :  31.0 [ms]
# bsd -all
# disablebp
# Cannot disable all code breakpoints
# asim +access +w -t 100ns polyphase_clock_sync_HDL -loadvhpi "$ALDEC\Mathworks\R2021a\aldec_simulink_pipe.dll:direct_link"
# ELBREAD: Elaboration process.
# ELBREAD: Elaboration time 0.0 [s].
# VSIM: Stack memory: 32MB
# VSIM: Retval memory: 32MB
# KERNEL: Main thread initiated.
# KERNEL: Kernel process initialization phase.
# ELAB2: Elaboration final pass...
# ELAB2: Create instances ...
# KERNEL: Time resolution set to 100ns.
# KERNEL: PLI/VHPI kernel's engine initialization done.
# PLI: Loading library 'C:\Aldec\Active-HDL-12-x64\bin\systf.dll'
# VHPI: Loading library 'C:\Aldec\Active-HDL-12-x64\Mathworks\R2021a\aldec_simulink_pipe.dll'
# ELAB2: Create instances complete.
# SLP: Started
# SLP: Elaboration phase ...
# SLP: Elaboration phase ... skipped, nothing to simulate in SLP mode : 0.0 [s]
# SLP: Finished : 0.0 [s]
# ELAB2: Elaboration final pass complete - time: 1.1 [s].
# KERNEL: Kernel process initialization done.
# Allocation: Simulator allocated 466224 kB (elbread=429 elab2=465622 kernel=172 sdf=0)
# KERNEL: ASDB file was created in location C:\Users\student_1\Desktop\Soko這wski_praca_dyplomowa\My_design\matlab_cosim\src\fir_filter_component_test.asdb
#  16:57, 24 listopada 2021
#  Simulation has been initialized
# Error: Database file C:/Users/student_1/Desktop/Soko這wski_praca_dyplomowa/My_design/matlab_cosim/src/fir_filter_component_test.asdb cannot be found.
# Error: Cannot connect to 'C:/Users/student_1/Desktop/Soko這wski_praca_dyplomowa/My_design/matlab_cosim/src/fir_filter_component_test.asdb' database.
# run -all
# VHPI: Waiting for client.
# VHPI: Client connected.
# KERNEL: Error: E8017 : Internal application error. Please contact Aldec Support.
# KERNEL: stopped at time: 10002 us
# KERNEL: Simulation has stopped after unknown error.
# VSIM: Error: Fatal error occurred during simulation.
# Error: Database file C:/Users/student_1/Desktop/Soko這wski_praca_dyplomowa/My_design/matlab_cosim/src/fir_filter_component_test.asdb cannot be found.
endsim
# VHPI: Simulation Finish.
# VSIM: Simulation has finished.
# endsim
# Simulation not initialized
asim -O5 +access +r +m+polyphase_clock_sync_HDL polyphase_clock_sync_HDL COSIMULATION
# ELBREAD: Elaboration process.
# ELBREAD: Elaboration time 0.0 [s].
# VSIM: Stack memory: 32MB
# VSIM: Retval memory: 32MB
# KERNEL: Main thread initiated.
# KERNEL: Kernel process initialization phase.
# ELAB2: Elaboration final pass...
# ELAB2: Create instances ...
# KERNEL: Time resolution set to 1ps.
# ELAB2: Create instances complete.
# SLP: Started
# SLP: Elaboration phase ...
# SLP: Elaboration phase ... skipped, nothing to simulate in SLP mode : 0.0 [s]
# SLP: Finished : 0.0 [s]
# ELAB2: Elaboration final pass complete - time: 1.5 [s].
# KERNEL: Kernel process initialization done.
# Allocation: Simulator allocated 466224 kB (elbread=429 elab2=465622 kernel=172 sdf=0)
# KERNEL: ASDB file was created in location C:\Users\student_1\Desktop\Soko這wski_praca_dyplomowa\My_design\matlab_cosim\src\fir_filter_component_test.asdb
#  16:57, 24 listopada 2021
#  Simulation has been initialized
# Error: Database file C:/Users/student_1/Desktop/Soko這wski_praca_dyplomowa/My_design/matlab_cosim/src/fir_filter_component_test.asdb cannot be found.
# Error: Cannot connect to 'C:/Users/student_1/Desktop/Soko這wski_praca_dyplomowa/My_design/matlab_cosim/src/fir_filter_component_test.asdb' database.
# endsim
# VSIM: Simulation has finished.
# addfile -c -vhdl {C:\Users\student_1\Desktop\Soko這wski_praca_dyplomowa\My_design\matlab_cosim\src\polyphase_clock_sync_HDL.vhd}
# Adding file C:\Users\student_1\Desktop\Soko這wski_praca_dyplomowa\My_design\matlab_cosim\src\polyphase_clock_sync_HDL.vhd ... Done
# acom -2008 -dbg {C:\Users\student_1\Desktop\Soko這wski_praca_dyplomowa\My_design\matlab_cosim\src\polyphase_clock_sync_HDL.vhd }
# File: C:/Users/student_1/Desktop/Soko這wski_praca_dyplomowa/My_design/matlab_cosim/src/polyphase_clock_sync_HDL.vhd 
# Compile Entity "polyphase_clock_sync_HDL"
# Compile Architecture "COSIMULATION" of Entity "polyphase_clock_sync_HDL"
# Compile success 0 Errors 0 Warnings  Analysis time :  31.0 [ms]
# bsd -all
# disablebp
# Cannot disable all code breakpoints
# asim +access +w -t 100ns polyphase_clock_sync_HDL -loadvhpi "$ALDEC\Mathworks\R2021a\aldec_simulink_pipe.dll:direct_link"
# ELBREAD: Elaboration process.
# ELBREAD: Elaboration time 0.0 [s].
# VSIM: Stack memory: 32MB
# VSIM: Retval memory: 32MB
# KERNEL: Main thread initiated.
# KERNEL: Kernel process initialization phase.
# ELAB2: Elaboration final pass...
# ELAB2: Create instances ...
# KERNEL: Time resolution set to 100ns.
# KERNEL: PLI/VHPI kernel's engine initialization done.
# PLI: Loading library 'C:\Aldec\Active-HDL-12-x64\bin\systf.dll'
# VHPI: Loading library 'C:\Aldec\Active-HDL-12-x64\Mathworks\R2021a\aldec_simulink_pipe.dll'
# ELAB2: Create instances complete.
# SLP: Started
# SLP: Elaboration phase ...
# SLP: Elaboration phase ... skipped, nothing to simulate in SLP mode : 0.0 [s]
# SLP: Finished : 0.0 [s]
# ELAB2: Elaboration final pass complete - time: 1.2 [s].
# KERNEL: Kernel process initialization done.
# Allocation: Simulator allocated 466224 kB (elbread=429 elab2=465622 kernel=172 sdf=0)
# KERNEL: ASDB file was created in location C:\Users\student_1\Desktop\Soko這wski_praca_dyplomowa\My_design\matlab_cosim\src\fir_filter_component_test.asdb
#  16:58, 24 listopada 2021
#  Simulation has been initialized
# Error: Database file C:/Users/student_1/Desktop/Soko這wski_praca_dyplomowa/My_design/matlab_cosim/src/fir_filter_component_test.asdb cannot be found.
# Error: Cannot connect to 'C:/Users/student_1/Desktop/Soko這wski_praca_dyplomowa/My_design/matlab_cosim/src/fir_filter_component_test.asdb' database.
# run -all
# VHPI: Waiting for client.
# VHPI: Client connected.
# KERNEL: Error: E8017 : Internal application error. Please contact Aldec Support.
# KERNEL: stopped at time: 10002 us
# KERNEL: Simulation has stopped after unknown error.
# VSIM: Error: Fatal error occurred during simulation.
# Error: Database file C:/Users/student_1/Desktop/Soko這wski_praca_dyplomowa/My_design/matlab_cosim/src/fir_filter_component_test.asdb cannot be found.
endsim
# VHPI: Simulation Finish.
# VSIM: Simulation has finished.
# endsim
# Simulation not initialized
asim -O5 +access +r +m+polyphase_clock_sync_HDL polyphase_clock_sync_HDL COSIMULATION
# ELBREAD: Elaboration process.
# ELBREAD: Elaboration time 0.0 [s].
# VSIM: Stack memory: 32MB
# VSIM: Retval memory: 32MB
# KERNEL: Main thread initiated.
# KERNEL: Kernel process initialization phase.
# ELAB2: Elaboration final pass...
# ELAB2: Create instances ...
# KERNEL: Time resolution set to 1ps.
# ELAB2: Create instances complete.
# SLP: Started
# SLP: Elaboration phase ...
# SLP: Elaboration phase ... skipped, nothing to simulate in SLP mode : 0.0 [s]
# SLP: Finished : 0.0 [s]
# ELAB2: Elaboration final pass complete - time: 1.5 [s].
# KERNEL: Kernel process initialization done.
# Allocation: Simulator allocated 466224 kB (elbread=429 elab2=465622 kernel=172 sdf=0)
# KERNEL: ASDB file was created in location C:\Users\student_1\Desktop\Soko這wski_praca_dyplomowa\My_design\matlab_cosim\src\fir_filter_component_test.asdb
#  16:59, 24 listopada 2021
#  Simulation has been initialized
# Error: Database file C:/Users/student_1/Desktop/Soko這wski_praca_dyplomowa/My_design/matlab_cosim/src/fir_filter_component_test.asdb cannot be found.
# Error: Cannot connect to 'C:/Users/student_1/Desktop/Soko這wski_praca_dyplomowa/My_design/matlab_cosim/src/fir_filter_component_test.asdb' database.
run
# KERNEL: Simulation has finished. There are no more test vectors to simulate.
endsim
# VSIM: Simulation has finished.
# addfile -c -vhdl {C:\Users\student_1\Desktop\Soko這wski_praca_dyplomowa\My_design\matlab_cosim\src\polyphase_clock_sync_HDL.vhd}
# Adding file C:\Users\student_1\Desktop\Soko這wski_praca_dyplomowa\My_design\matlab_cosim\src\polyphase_clock_sync_HDL.vhd ... Done
# acom -2008 -dbg {C:\Users\student_1\Desktop\Soko這wski_praca_dyplomowa\My_design\matlab_cosim\src\polyphase_clock_sync_HDL.vhd }
# File: C:/Users/student_1/Desktop/Soko這wski_praca_dyplomowa/My_design/matlab_cosim/src/polyphase_clock_sync_HDL.vhd 
# Compile Entity "polyphase_clock_sync_HDL"
# Compile Architecture "COSIMULATION" of Entity "polyphase_clock_sync_HDL"
# Compile success 0 Errors 0 Warnings  Analysis time :  32.0 [ms]
# bsd -all
# disablebp
# Cannot disable all code breakpoints
# asim +access +w -t 100ns polyphase_clock_sync_HDL -loadvhpi "$ALDEC\Mathworks\R2021a\aldec_simulink_pipe.dll:direct_link"
# ELBREAD: Elaboration process.
# ELBREAD: Elaboration time 0.0 [s].
# VSIM: Stack memory: 32MB
# VSIM: Retval memory: 32MB
# KERNEL: Main thread initiated.
# KERNEL: Kernel process initialization phase.
# ELAB2: Elaboration final pass...
# ELAB2: Create instances ...
# KERNEL: Time resolution set to 100ns.
# KERNEL: PLI/VHPI kernel's engine initialization done.
# PLI: Loading library 'C:\Aldec\Active-HDL-12-x64\bin\systf.dll'
# VHPI: Loading library 'C:\Aldec\Active-HDL-12-x64\Mathworks\R2021a\aldec_simulink_pipe.dll'
# ELAB2: Create instances complete.
# SLP: Started
# SLP: Elaboration phase ...
# SLP: Elaboration phase ... skipped, nothing to simulate in SLP mode : 0.0 [s]
# SLP: Finished : 0.0 [s]
# ELAB2: Elaboration final pass complete - time: 1.3 [s].
# KERNEL: Kernel process initialization done.
# Allocation: Simulator allocated 466224 kB (elbread=429 elab2=465622 kernel=172 sdf=0)
# KERNEL: ASDB file was created in location C:\Users\student_1\Desktop\Soko這wski_praca_dyplomowa\My_design\matlab_cosim\src\fir_filter_component_test.asdb
#  17:02, 24 listopada 2021
#  Simulation has been initialized
# Error: Database file C:/Users/student_1/Desktop/Soko這wski_praca_dyplomowa/My_design/matlab_cosim/src/fir_filter_component_test.asdb cannot be found.
# Error: Cannot connect to 'C:/Users/student_1/Desktop/Soko這wski_praca_dyplomowa/My_design/matlab_cosim/src/fir_filter_component_test.asdb' database.
# run -all
# VHPI: Waiting for client.
# VHPI: Client connected.
# KERNEL: Error: E8017 : Internal application error. Please contact Aldec Support.
# KERNEL: stopped at time: 10002 us
# KERNEL: Simulation has stopped after unknown error.
# VSIM: Error: Fatal error occurred during simulation.
# Error: Database file C:/Users/student_1/Desktop/Soko這wski_praca_dyplomowa/My_design/matlab_cosim/src/fir_filter_component_test.asdb cannot be found.
run 100 ns
# VHPI: Simulation Finish.
